[     150ms] [ERROR] Failed to load resource: the server responded with a status of 500 (Internal Server Error) @ http://localhost:3000/:0
[     348ms] Error: Module not found: Can't resolve '../../../../gitlab'
  1 | import { NextRequest, NextResponse } from 'next/server';
> 2 | import { createGitLabClient, type GitLabProject } from '../../../../gitlab';
    | ^
  3 |
  4 | /**
  5 |  * GET /api/leaderboard

https://nextjs.org/docs/messages/module-not-found

    at <unknown> (https://nextjs.org/docs/messages/module-not-found)
    at getNotFoundError (file:///Volumes/work/workspace/skills-factory/node_modules/next/dist/build/webpack/plugins/wellknown-errors-plugin/parseNotFoundError.js:140:16)
    at async getModuleBuildError (file:///Volumes/work/workspace/skills-factory/node_modules/next/dist/build/webpack/plugins/wellknown-errors-plugin/webpackModuleError.js:103:27)
    at async (file:///Volumes/work/workspace/skills-factory/node_modules/next/dist/build/webpack/plugins/wellknown-errors-plugin/index.js:29:49)
    at async (file:///Volumes/work/workspace/skills-factory/node_modules/next/dist/build/webpack/plugins/wellknown-errors-plugin/index.js:27:21)
[     343ms] [ERROR] ./src/app/api/leaderboard/route.ts:2:1
Module not found: Can't resolve '../../../../gitlab'
  1 | import { NextRequest, NextResponse } from 'next/server';
> 2 | import { createGitLabClient, type GitLabProject } from '../../../../gitlab';
    | ^
  3 |
  4 | /**
  5 |  * GET /api/leaderboard

https://nextjs.org/docs/messages/module-not-found @ webpack-internal:///(pages-dir-browser)/./node_modules/next/dist/next-devtools/userspace/pages/pages-dev-overlay-setup.js:76
[     343ms] [ERROR] ./src/app/api/skills/route.ts:2:1
Module not found: Can't resolve '../../../../gitlab'
  1 | import { NextRequest, NextResponse } from 'next/server';
> 2 | import { createGitLabClient, type GitLabProject } from '../../../../gitlab';
    | ^
  3 |
  4 | /**
  5 |  * GET /api/skills

https://nextjs.org/docs/messages/module-not-found @ webpack-internal:///(pages-dir-browser)/./node_modules/next/dist/next-devtools/userspace/pages/pages-dev-overlay-setup.js:76
[   62404ms] [ERROR] Failed to load resource: the server responded with a status of 404 (Not Found) @ http://localhost:3000/_next/static/webpack/3adc32b818ff1f20.webpack.hot-update.json:0
[   62405ms] [WARNING] [Fast Refresh] performing full reload because your application had an unrecoverable error @ webpack-internal:///(pages-dir-browser)/./node_modules/next/dist/client/dev/hot-reloader/pages/hot-reloader-pages.js:347
[   62661ms] [ERROR] Failed to load resource: the server responded with a status of 404 (Not Found) @ http://localhost:3000/_next/static/webpack/3adc32b818ff1f20.webpack.hot-update.json:0
[   62661ms] [WARNING] [Fast Refresh] performing full reload because your application had an unrecoverable error @ webpack-internal:///(pages-dir-browser)/./node_modules/next/dist/client/dev/hot-reloader/pages/hot-reloader-pages.js:347
[   63399ms] [ERROR] Failed to load resource: the server responded with a status of 401 (Unauthorized) @ http://localhost:3000/api/skills?per_page=20:0
[   63400ms] [ERROR] Failed to fetch skills: GitLab not configured @ webpack-internal:///(app-pages-browser)/./node_modules/next/dist/next-devtools/userspace/app/errors/intercept-console-error.js:56
[  144998ms] [ERROR] ./src/app/api/leaderboard/route.ts:2:1
Module not found: Can't resolve '../../../../gitlab'
  1 | import { NextRequest, NextResponse } from 'next/server';
> 2 | import { createGitLabClient, type GitLabProject } from '../../../../gitlab';
    | ^
  3 |
  4 | /**
  5 |  * GET /api/leaderboard

https://nextjs.org/docs/messages/module-not-found @ webpack-internal:///(app-pages-browser)/./node_modules/next/dist/next-devtools/userspace/app/errors/intercept-console-error.js:56
[  145341ms] [ERROR] ./src/app/api/leaderboard/route.ts:2:1
Module not found: Can't resolve '../../../../gitlab'
  1 | import { NextRequest, NextResponse } from 'next/server';
> 2 | import { createGitLabClient, type GitLabProject } from '../../../../gitlab';
    | ^
  3 |
  4 | /**
  5 |  * GET /api/leaderboard

https://nextjs.org/docs/messages/module-not-found @ webpack-internal:///(app-pages-browser)/./node_modules/next/dist/next-devtools/userspace/app/errors/intercept-console-error.js:56
